<?xml version="1.0" encoding="UTF-8"?>
<!-- Generated by org.testng.reporters.JUnitReportReporter -->
<testsuite hostname="LIN60015134" name="FreeCRM_TestScenarios.FreeCRM_LoginTest" tests="3" failures="0" timestamp="11 May 2019 08:03:51 GMT" time="45.696" errors="0">
  <testcase name="loginButtonEnabledVerification" time="12.029" classname="FreeCRM_TestScenarios.FreeCRM_LoginTest"/>
  <testcase name="getTitleVerification" time="13.006" classname="FreeCRM_TestScenarios.FreeCRM_LoginTest"/>
  <testcase name="loginToFreeCRM" time="20.661" classname="FreeCRM_TestScenarios.FreeCRM_LoginTest"/>
</testsuite> <!-- FreeCRM_TestScenarios.FreeCRM_LoginTest -->
