<?xml version="1.0" encoding="UTF-8"?>
<!-- Generated by org.testng.reporters.JUnitReportReporter -->
<testsuite hostname="DESKTOP-2CKIKDG" failures="0" tests="4" name="FreeCRM_TestScenarios.HomePage_Test" time="106.127" errors="0" timestamp="13 May 2019 11:13:25 GMT">
  <testcase classname="FreeCRM_TestScenarios.HomePage_Test" name="verifyAddCalendar" time="16.394"/>
  <testcase classname="FreeCRM_TestScenarios.HomePage_Test" name="navigateToContactNewContact" time="22.463"/>
  <testcase classname="FreeCRM_TestScenarios.HomePage_Test" name="navigatetoCompaniesNewCompany" time="22.330"/>
  <testcase classname="FreeCRM_TestScenarios.HomePage_Test" name="verifyaddBoxesPopUpdisplayed" time="44.940"/>
</testsuite> <!-- FreeCRM_TestScenarios.HomePage_Test -->
