<?xml version="1.0" encoding="UTF-8"?>
<!-- Generated by org.testng.reporters.JUnitReportReporter -->
<testsuite hostname="DESKTOP-2CKIKDG" failures="0" tests="3" name="FreeCRM_TestScenarios.FreeCRM_LoginTest" time="67.248" errors="0" timestamp="13 May 2019 11:27:05 GMT">
  <testcase classname="FreeCRM_TestScenarios.FreeCRM_LoginTest" name="getTitleVerification" time="32.558"/>
  <testcase classname="FreeCRM_TestScenarios.FreeCRM_LoginTest" name="loginToFreeCRM" time="20.297"/>
  <testcase classname="FreeCRM_TestScenarios.FreeCRM_LoginTest" name="loginButtonEnabledVerification" time="14.393"/>
</testsuite> <!-- FreeCRM_TestScenarios.FreeCRM_LoginTest -->
