<?xml version="1.0" encoding="UTF-8"?>
<!-- Generated by org.testng.reporters.JUnitReportReporter -->
<testsuite hostname="DESKTOP-2CKIKDG" failures="0" tests="4" name="FreeCRM_TestScenarios.HomePage_Test" time="83.059" errors="0" timestamp="13 May 2019 11:27:05 GMT">
  <testcase classname="FreeCRM_TestScenarios.HomePage_Test" name="navigateToContactNewContact" time="21.525"/>
  <testcase classname="FreeCRM_TestScenarios.HomePage_Test" name="verifyaddBoxesPopUpdisplayed" time="22.373"/>
  <testcase classname="FreeCRM_TestScenarios.HomePage_Test" name="verifyAddCalendar" time="17.897"/>
  <testcase classname="FreeCRM_TestScenarios.HomePage_Test" name="navigatetoCompaniesNewCompany" time="21.264"/>
</testsuite> <!-- FreeCRM_TestScenarios.HomePage_Test -->
